<?xml version="1.0" encoding="UTF-8"?>
<!-- Generated by org.testng.reporters.JUnitXMLReporter -->
<testsuite hostname="DESKTOP-QLSV19P" ignored="0" name="Default test" tests="3" failures="0" timestamp="2021-03-13T23:46:00 EET" time="48.238" errors="0">
  <testcase name="VerifyregistrationForm" time="15.183" classname="TestCase.vodafoneTask"/>
  <testcase name="VerifyLogin_" time="4.685" classname="TestCase.vodafoneTask"/>
  <testcase name="VerifyCartCheckOut" time="28.26" classname="TestCase.vodafoneTask"/>
</testsuite> <!-- Default test -->
